<?xml version="1.0" encoding="UTF-8"?>
<testsuite name="com.example.whoiscomingalong.ExampleUnitTest" tests="1" skipped="0" failures="0" errors="0" timestamp="2024-05-30T12:05:25" hostname="Ales-Laptop.local" time="0.0">
  <properties/>
  <testcase name="addition_isCorrect" classname="com.example.whoiscomingalong.ExampleUnitTest" time="0.0"/>
  <system-out><![CDATA[]]></system-out>
  <system-err><![CDATA[]]></system-err>
</testsuite>
